{"level":"error","message":"Falha ao obter posts, { error }"}
{"level":"error","message":"Falha ao obter posts, { error }"}
{"level":"error","message":"Falha ao obter posts, { error }"}
{"level":"error","message":"Falha ao obter posts, { error }"}
{"level":"error","message":"Falha ao obter posts, { error }"}
{"level":"error","message":"Falha ao obter posts, { error }"}
{"level":"error","message":"Falha ao obter posts, { error }"}
{"level":"error","message":"Falha ao obter posts, { error }"}
{"level":"error","message":"Falha ao obter posts, { error }"}
{"error":{},"level":"error","message":"Falha ao obter post com o slug","slug":"construindo-spa-com-vuejssargaadgf"}
{"error":{},"level":"error","message":"Falha ao obter post com o slug","slug":"construindo-spa-com-vuejssargaadgf"}
{"error":{},"level":"error","message":"Falha ao obter post com o slug","slug":"construindo-spa-com-vuejssargaadgf"}
{"error":{},"level":"error","message":"Falha ao obter post com o slug","slug":"construindo-spa-com-vuejssargaadgf"}
{"error":{},"level":"error","message":"Falha ao obter post com o slug","slug":"construindo-spa-com-vuejssargaadgf"}
{"error":{},"level":"error","message":"Falha ao obter post com o slug","slug":"construindo-spa-com-vuejssargaadgf"}
{"error":{},"level":"error","message":"Falha ao obter post com o slug","slug":"construindo-spa-com-vuejssargaadgf"}
{"error":{},"level":"error","message":"Falha ao obter post com o slug","slug":"construindo-spa-com-vuejssargaadgf"}
{"error":{},"level":"error","message":"Falha ao obter post com o slug","slug":"construindo-spa-com-vuejssargaadgf"}
{"error":{},"level":"error","message":"Falha ao obter post com o slug","slug":"undefined"}
{"error":{},"level":"error","message":"Falha ao obter post com o slug","slug":"undefined"}
{"error":{},"level":"error","message":"Falha ao obter post com o slug","slug":"undefined"}
{"error":{},"level":"error","message":"Falha ao obter post com o slug","slug":"undefined"}
{"error":{},"level":"error","message":"Falha ao obter post com o slug","slug":"undefined"}
{"error":{},"level":"error","message":"Falha ao obter post com o slug","slug":"undefined"}
{"error":{},"level":"error","message":"Falha ao obter post com o slug","slug":"undefined"}
{"error":{},"level":"error","message":"Falha ao obter post com o slug","slug":"undefined"}
{"error":{},"level":"error","message":"Falha ao obter post com o slug","slug":"undefined"}
{"error":{},"level":"error","message":"Falha ao obter post com o slug","slug":"undefined"}
{"error":{},"level":"error","message":"Falha ao obter post com o slug","slug":"undefined"}
{"error":{},"level":"error","message":"Falha ao obter post com o slug","slug":"undefined"}
{"error":{},"level":"error","message":"Falha ao obter post com o slug","slug":"undefined"}
{"error":{},"level":"error","message":"Falha ao obter post com o slug","slug":"undefined"}
{"error":{},"level":"error","message":"Falha ao obter post com o slug","slug":"undefined"}
{"error":{},"level":"error","message":"Falha ao obter post com o slug","slug":"undefined"}
{"error":{},"level":"error","message":"Falha ao obter post com o slug","slug":"undefined"}
{"error":{},"level":"error","message":"Falha ao obter post com o slug","slug":"undefined"}
{"error":{},"level":"error","message":"Falha ao obter post com o slug","slug":"undefined"}
{"error":{},"level":"error","message":"Falha ao obter post com o slug","slug":"undefined"}
{"error":{},"level":"error","message":"Falha ao obter post com o slug","slug":"dicas-de-acessibilidade-webasdgfd"}
{"level":"error","message":"Falha ao obter posts, { error }"}
{"level":"error","message":"Falha ao obter posts, { error }"}
{"level":"error","message":"Falha ao obter posts, { error }"}
{"level":"error","message":"Falha ao obter posts, { error }"}
{"error":{},"level":"error","message":"Falha ao obter post com o slug","slug":"introducao-ao-reactasdf"}
{"error":{},"level":"error","message":"Falha ao obter post com o slug","slug":"introducao-ao-reactadfsd"}
{"level":"error","message":"Falha ao obter posts, { error }"}
{"level":"error","message":"Falha ao obter posts, { error }"}
{"level":"error","message":"Falha ao obter posts, { error }"}
{"level":"error","message":"Falha ao obter posts, { error }"}
{"level":"error","message":"Falha ao obter posts, { error }"}
{"level":"error","message":"Falha ao obter posts, { error }"}
{"level":"error","message":"Falha ao obter posts, { error }"}
{"level":"error","message":"Falha ao obter posts, { error }"}
{"level":"error","message":"Falha ao obter posts, { error }"}
